0
1.000000 49.000000 0.000000 30.000000 3.000000 0.6 4.632653
2.000000 67.000000 0.000000 30.000000 3.000000 0.9 3.388060
3.000000 35.000000 0.000000 30.000000 3.000000 0.5 6.485714
4.000000 14.000000 0.000000 30.000000 3.000000 0.2 16.214286
5.000000 50.000000 0.000000 30.000000 3.000000 0.7 4.540000
6.000000 25.000000 0.000000 30.000000 3.000000 0.3 9.080000
7.000000 50.000000 0.000000 30.000000 3.000000 0.7 4.540000
8.000000 60.000000 0.000000 30.000000 3.000000 0.8 3.783333
9.000000 86.000000 0.000000 30.000000 3.000000 1.1 2.639535
10.000000 77.000000 0.000000 30.000000 3.000000 1.0 2.948052
11.000000 23.000000 0.000000 30.000000 3.000000 0.3 9.869565
12.000000 53.000000 0.000000 30.000000 3.000000 0.7 4.283019
13.000000 32.000000 0.000000 30.000000 3.000000 0.4 7.093750
14.000000 54.000000 0.000000 30.000000 3.000000 0.7 4.203704
15.000000 56.000000 0.000000 30.000000 3.000000 0.7 4.053571
16.000000 89.000000 0.000000 30.000000 3.000000 1.2 2.550562
17.000000 99.000000 0.000000 30.000000 3.000000 1.3 2.292929
18.000000 154.000000 0.000000 30.000000 3.000000 2.0 1.474026
19.000000 123.000000 0.000000 30.000000 3.000000 1.6 1.845528
20.000000 144.000000 0.000000 30.000000 3.000000 1.9 1.576389
21.000000 199.000000 0.000000 30.000000 3.000000 2.6 1.140704
22.000000 122.000000 0.000000 30.000000 3.000000 1.6 1.860656
23.000000 145.000000 0.000000 30.000000 3.000000 1.9 1.565517
24.000000 134.000000 0.000000 30.000000 3.000000 1.8 1.694030
25.000000 111.000000 0.000000 30.000000 3.000000 1.5 2.045045
26.000000 25.000000 0.000000 30.000000 3.000000 0.3 9.080000
27.000000 55.000000 0.000000 30.000000 3.000000 0.7 4.127273
28.000000 88.000000 0.000000 30.000000 3.000000 1.2 2.579545
29.000000 12.000000 0.000000 30.000000 3.000000 0.2 18.916667
30.000000 39.000000 0.000000 30.000000 3.000000 0.5 5.820513
