16
0
16
1151
0.000000 0.000000 0.000000 0.000000 0.000000 0.000000 0.0000
0.000000 0.000000 0.000000 0.000000 0.000000 0.000000 0.0000
0.000000 0.000000 0.000000 0.000000 0.000000 0.000000 -0.0000
0.000000 0.000000 0.000000 0.000000 0.000000 0.000000 0.0000
0.000000 0.000000 0.000000 0.000000 0.000000 0.000000 0.0000
0.000000 0.000000 0.000000 0.000000 0.000000 0.000000 0.0000
0.000000 0.000000 0.000000 0.000000 0.000000 0.000000 0.0000
0.000000 0.000000 0.000000 0.000000 0.000000 0.000000 0.0000
0.000000 0.000000 0.000000 0.000000 0.000000 0.000000 0.0000
0.000000 0.000000 0.000000 0.000000 0.000000 0.000000 0.0000
0.000000 0.000000 0.000000 0.000000 0.000000 0.000000 0.0000
0.000000 0.000000 0.000000 0.000000 0.000000 0.000000 0.0000
0.000000 0.000000 0.000000 0.000000 0.000000 0.000000 0.0000
0.000000 0.000000 0.000000 0.000000 0.000000 0.000000 -0.0000
0.000000 0.000000 0.000000 0.000000 0.000000 0.000000 -0.0000
0.000000 0.000000 0.000000 0.000000 0.000000 0.000000 -0.0000
