128
0
16
1151
1 100 0 15 3 11.1208 0.2698
2 100 0 15 3 11.1208 0.2698
3 35 0 15 3 3.8923 0.7708
4 100 0 15 3 11.1208 0.2698
5 100 0 15 3 11.1208 0.2698
6 100 0 15 3 11.1208 0.2698
7 100 0 15 3 11.1208 0.2698
8 100 0 15 3 11.1208 0.2698
9 100 0 15 3 11.1208 0.2698
10 100 0 15 3 11.1208 0.2698
11 100 0 15 3 11.1208 0.2698
12 17 0 15 3 1.8905 1.5869
13 21 0 15 3 2.3354 1.2846
14 18 0 15 3 2.0017 1.4987
15 10 0 15 3 1.1121 2.6977
16 50 0 15 3 5.5604 0.5395
1 100 0 15 3 11.1208 0.2698
2 100 0 15 3 11.1208 0.2698
3 35 0 15 3 3.8923 0.7708
4 100 0 15 3 11.1208 0.2698
5 100 0 15 3 11.1208 0.2698
6 100 0 15 3 11.1208 0.2698
7 100 0 15 3 11.1208 0.2698
8 100 0 15 3 11.1208 0.2698
9 100 0 15 3 11.1208 0.2698
10 100 0 15 3 11.1208 0.2698
11 100 0 15 3 11.1208 0.2698
12 17 0 15 3 1.8905 1.5869
13 21 0 15 3 2.3354 1.2846
14 18 0 15 3 2.0017 1.4987
15 10 0 15 3 1.1121 2.6977
16 50 0 15 3 5.5604 0.5395
1 100 0 15 3 11.1208 0.2698
2 100 0 15 3 11.1208 0.2698
3 35 0 15 3 3.8923 0.7708
4 100 0 15 3 11.1208 0.2698
5 100 0 15 3 11.1208 0.2698
6 100 0 15 3 11.1208 0.2698
7 100 0 15 3 11.1208 0.2698
8 100 0 15 3 11.1208 0.2698
9 100 0 15 3 11.1208 0.2698
10 100 0 15 3 11.1208 0.2698
11 100 0 15 3 11.1208 0.2698
12 17 0 15 3 1.8905 1.5869
13 21 0 15 3 2.3354 1.2846
14 18 0 15 3 2.0017 1.4987
15 10 0 15 3 1.1121 2.6977
16 50 0 15 3 5.5604 0.5395
1 100 0 15 3 11.1208 0.2698
2 100 0 15 3 11.1208 0.2698
3 35 0 15 3 3.8923 0.7708
4 100 0 15 3 11.1208 0.2698
5 100 0 15 3 11.1208 0.2698
6 100 0 15 3 11.1208 0.2698
7 100 0 15 3 11.1208 0.2698
8 100 0 15 3 11.1208 0.2698
9 100 0 15 3 11.1208 0.2698
10 100 0 15 3 11.1208 0.2698
11 100 0 15 3 11.1208 0.2698
12 17 0 15 3 1.8905 1.5869
13 21 0 15 3 2.3354 1.2846
14 18 0 15 3 2.0017 1.4987
15 10 0 15 3 1.1121 2.6977
16 50 0 15 3 5.5604 0.5395
1 100 0 15 3 11.1208 0.2698
2 100 0 15 3 11.1208 0.2698
3 35 0 15 3 3.8923 0.7708
4 100 0 15 3 11.1208 0.2698
5 100 0 15 3 11.1208 0.2698
6 100 0 15 3 11.1208 0.2698
7 100 0 15 3 11.1208 0.2698
8 100 0 15 3 11.1208 0.2698
9 100 0 15 3 11.1208 0.2698
10 100 0 15 3 11.1208 0.2698
11 100 0 15 3 11.1208 0.2698
12 17 0 15 3 1.8905 1.5869
13 21 0 15 3 2.3354 1.2846
14 18 0 15 3 2.0017 1.4987
15 10 0 15 3 1.1121 2.6977
16 50 0 15 3 5.5604 0.5395
1 100 0 15 3 11.1208 0.2698
2 100 0 15 3 11.1208 0.2698
3 35 0 15 3 3.8923 0.7708
4 100 0 15 3 11.1208 0.2698
5 100 0 15 3 11.1208 0.2698
6 100 0 15 3 11.1208 0.2698
7 100 0 15 3 11.1208 0.2698
8 100 0 15 3 11.1208 0.2698
9 100 0 15 3 11.1208 0.2698
10 100 0 15 3 11.1208 0.2698
11 100 0 15 3 11.1208 0.2698
12 17 0 15 3 1.8905 1.5869
13 21 0 15 3 2.3354 1.2846
14 18 0 15 3 2.0017 1.4987
15 10 0 15 3 1.1121 2.6977
16 50 0 15 3 5.5604 0.5395
1 100 0 15 3 11.1208 0.2698
2 100 0 15 3 11.1208 0.2698
3 35 0 15 3 3.8923 0.7708
4 100 0 15 3 11.1208 0.2698
5 100 0 15 3 11.1208 0.2698
6 100 0 15 3 11.1208 0.2698
7 100 0 15 3 11.1208 0.2698
8 100 0 15 3 11.1208 0.2698
9 100 0 15 3 11.1208 0.2698
10 100 0 15 3 11.1208 0.2698
11 100 0 15 3 11.1208 0.2698
12 17 0 15 3 1.8905 1.5869
13 21 0 15 3 2.3354 1.2846
14 18 0 15 3 2.0017 1.4987
15 10 0 15 3 1.1121 2.6977
16 50 0 15 3 5.5604 0.5395
1 100 0 15 3 11.1208 0.2698
2 100 0 15 3 11.1208 0.2698
3 35 0 15 3 3.8923 0.7708
4 100 0 15 3 11.1208 0.2698
5 100 0 15 3 11.1208 0.2698
6 100 0 15 3 11.1208 0.2698
7 100 0 15 3 11.1208 0.2698
8 100 0 15 3 11.1208 0.2698
9 100 0 15 3 11.1208 0.2698
10 100 0 15 3 11.1208 0.2698
11 100 0 15 3 11.1208 0.2698
12 17 0 15 3 1.8905 1.5869
13 21 0 15 3 2.3354 1.2846
14 18 0 15 3 2.0017 1.4987
15 10 0 15 3 1.1121 2.6977
16 50 0 15 3 5.5604 0.5395
