1
<<<<<<< HEAD
1 100 0 15 3 1.4 2.158125
2 100 0 15 3 1.4 2.158125
3 35 0 15 3 0.5 2.755053
4 100 0 15 3 1.4 2.576866
5 100 0 15 3 1.4 2.480603
6 100 0 15 3 1.4 2.420327
7 100 0 15 3 1.4 2.379035
8 100 0 15 3 1.4 2.348980
9 100 0 15 3 1.4 2.326123
10 100 0 15 3 1.4 2.308155
11 100 0 15 3 1.4 2.293659
12 17 0 15 3 0.2 2.461740
13 21 0 15 3 0.3 2.614690
14 18 0 15 3 0.3 2.769363
15 10 0 15 3 0.1 2.940225
16 50 0 15 3 0.7 3.000000
=======
1 100 0 15 3 0.6 4.932857
2 100 0 15 3 0.6 4.932857
3 35 0 15 3 0.2 6.297264
4 100 0 15 3 0.6 5.889979
5 100 0 15 3 0.6 5.669951
6 100 0 15 3 0.6 5.532176
7 100 0 15 3 0.6 5.437795
8 100 0 15 3 0.6 5.369096
9 100 0 15 3 0.6 5.316852
10 100 0 15 3 0.6 5.275783
11 100 0 15 3 0.6 5.242650
12 17 0 15 3 0.1 5.626833
13 21 0 15 3 0.1 5.976435
14 18 0 15 1 0.1 6.028545
15 10 0 15 1 0.1 6.123135
16 50 0 15 3 0.3 6.285714
>>>>>>> bancie
